d:\projects\repos\sedna-games-fall-2020\customdll\vsprojects\sednaplugins\usermetricslogger\x64\release\vc142.pdb
d:\projects\repos\sedna-games-fall-2020\customdll\vsprojects\sednaplugins\usermetricslogger\x64\release\wrapper.obj
d:\projects\repos\sedna-games-fall-2020\customdll\vsprojects\sednaplugins\usermetricslogger\x64\release\usermetricslogger.obj
d:\projects\repos\sedna-games-fall-2020\customdll\vsprojects\sednaplugins\usermetricslogger\x64\release\main.obj
d:\projects\repos\sedna-games-fall-2020\customdll\vsprojects\sednaplugins\usermetricslogger\x64\release\deathlogger.obj
d:\projects\repos\sedna-games-fall-2020\customdll\vsprojects\sednaplugins\usermetricslogger\x64\release\checkpointlogger.obj
d:\projects\repos\sedna-games-fall-2020\customdll\vsprojects\sednaplugins\x64\release\usermetricslogger.dll
d:\projects\repos\sedna-games-fall-2020\customdll\vsprojects\sednaplugins\x64\release\usermetricslogger.pdb
d:\projects\repos\sedna-games-fall-2020\customdll\vsprojects\sednaplugins\x64\release\usermetricslogger.lib
d:\projects\repos\sedna-games-fall-2020\customdll\vsprojects\sednaplugins\x64\release\usermetricslogger.exp
d:\projects\repos\sedna-games-fall-2020\customdll\vsprojects\sednaplugins\x64\release\usermetricslogger.ipdb
d:\projects\repos\sedna-games-fall-2020\customdll\vsprojects\sednaplugins\x64\release\usermetricslogger.iobj
d:\projects\repos\sedna-games-fall-2020\customdll\vsprojects\sednaplugins\\x64\release\usermetricslogger.pdb
d:\projects\repos\sedna-games-fall-2020\customdll\vsprojects\sednaplugins\\x64\release\usermetricslogger.dll
d:\projects\repos\sedna-games-fall-2020\customdll\vsprojects\sednaplugins\usermetricslogger\x64\release\usermetr.2ee5053e.tlog\cl.command.1.tlog
d:\projects\repos\sedna-games-fall-2020\customdll\vsprojects\sednaplugins\usermetricslogger\x64\release\usermetr.2ee5053e.tlog\cl.read.1.tlog
d:\projects\repos\sedna-games-fall-2020\customdll\vsprojects\sednaplugins\usermetricslogger\x64\release\usermetr.2ee5053e.tlog\cl.write.1.tlog
d:\projects\repos\sedna-games-fall-2020\customdll\vsprojects\sednaplugins\usermetricslogger\x64\release\usermetr.2ee5053e.tlog\link.command.1.tlog
d:\projects\repos\sedna-games-fall-2020\customdll\vsprojects\sednaplugins\usermetricslogger\x64\release\usermetr.2ee5053e.tlog\link.read.1.tlog
d:\projects\repos\sedna-games-fall-2020\customdll\vsprojects\sednaplugins\usermetricslogger\x64\release\usermetr.2ee5053e.tlog\link.write.1.tlog
d:\projects\repos\sedna-games-fall-2020\customdll\vsprojects\sednaplugins\usermetricslogger\x64\release\usermetr.2ee5053e.tlog\usermetricslogger.write.1u.tlog
