  DeathLogger.cpp
  Structs.cpp
  UserMetricsLogger.cpp
D:\Projects\Repos\Sedna-Games-Fall-2020\CustomDLL\VSProjects\SednaPlugins\UserMetricsLogger\UserMetricsLogger.h(25,32): warning C4251: 'UserMetricsLogger::logData': class 'std::vector<MetricLog,std::allocator<MetricLog>>' needs to have dll-interface to be used by clients of class 'UserMetricsLogger'
D:\Projects\Repos\Sedna-Games-Fall-2020\CustomDLL\VSProjects\SednaPlugins\UserMetricsLogger\UserMetricsLogger.h(25): message : see declaration of 'std::vector<MetricLog,std::allocator<MetricLog>>'
D:\Projects\Repos\Sedna-Games-Fall-2020\CustomDLL\VSProjects\SednaPlugins\UserMetricsLogger\UserMetricsLogger.h(26,26): warning C4251: 'UserMetricsLogger::defaultPath': class 'std::basic_string<char,std::char_traits<char>,std::allocator<char>>' needs to have dll-interface to be used by clients of class 'UserMetricsLogger'
C:\Program Files (x86)\Microsoft Visual Studio\2019\Community\VC\Tools\MSVC\14.27.29110\include\xstring(4564): message : see declaration of 'std::basic_string<char,std::char_traits<char>,std::allocator<char>>'
D:\Projects\Repos\Sedna-Games-Fall-2020\CustomDLL\VSProjects\SednaPlugins\UserMetricsLogger\UserMetricsLogger.h(28,26): warning C4251: 'UserMetricsLogger::cLogger': class 'CheckpointLogger' needs to have dll-interface to be used by clients of class 'UserMetricsLogger'
D:\Projects\Repos\Sedna-Games-Fall-2020\CustomDLL\VSProjects\SednaPlugins\UserMetricsLogger\CheckpointLogger.h(4): message : see declaration of 'CheckpointLogger'
D:\Projects\Repos\Sedna-Games-Fall-2020\CustomDLL\VSProjects\SednaPlugins\UserMetricsLogger\UserMetricsLogger.h(29,21): warning C4251: 'UserMetricsLogger::dLogger': class 'DeathLogger' needs to have dll-interface to be used by clients of class 'UserMetricsLogger'
D:\Projects\Repos\Sedna-Games-Fall-2020\CustomDLL\VSProjects\SednaPlugins\UserMetricsLogger\DeathLogger.h(16): message : see declaration of 'DeathLogger'
D:\Projects\Repos\Sedna-Games-Fall-2020\CustomDLL\VSProjects\SednaPlugins\UserMetricsLogger\UserMetricsLogger.cpp(13,12): warning C4244: 'argument': conversion from 'time_t' to 'unsigned int', possible loss of data
  Wrapper.cpp
D:\Projects\Repos\Sedna-Games-Fall-2020\CustomDLL\VSProjects\SednaPlugins\UserMetricsLogger\UserMetricsLogger.h(25,32): warning C4251: 'UserMetricsLogger::logData': class 'std::vector<MetricLog,std::allocator<MetricLog>>' needs to have dll-interface to be used by clients of class 'UserMetricsLogger'
D:\Projects\Repos\Sedna-Games-Fall-2020\CustomDLL\VSProjects\SednaPlugins\UserMetricsLogger\UserMetricsLogger.h(25): message : see declaration of 'std::vector<MetricLog,std::allocator<MetricLog>>'
D:\Projects\Repos\Sedna-Games-Fall-2020\CustomDLL\VSProjects\SednaPlugins\UserMetricsLogger\UserMetricsLogger.h(26,26): warning C4251: 'UserMetricsLogger::defaultPath': class 'std::basic_string<char,std::char_traits<char>,std::allocator<char>>' needs to have dll-interface to be used by clients of class 'UserMetricsLogger'
C:\Program Files (x86)\Microsoft Visual Studio\2019\Community\VC\Tools\MSVC\14.27.29110\include\xstring(4564): message : see declaration of 'std::basic_string<char,std::char_traits<char>,std::allocator<char>>'
D:\Projects\Repos\Sedna-Games-Fall-2020\CustomDLL\VSProjects\SednaPlugins\UserMetricsLogger\UserMetricsLogger.h(28,26): warning C4251: 'UserMetricsLogger::cLogger': class 'CheckpointLogger' needs to have dll-interface to be used by clients of class 'UserMetricsLogger'
D:\Projects\Repos\Sedna-Games-Fall-2020\CustomDLL\VSProjects\SednaPlugins\UserMetricsLogger\CheckpointLogger.h(4): message : see declaration of 'CheckpointLogger'
D:\Projects\Repos\Sedna-Games-Fall-2020\CustomDLL\VSProjects\SednaPlugins\UserMetricsLogger\UserMetricsLogger.h(29,21): warning C4251: 'UserMetricsLogger::dLogger': class 'DeathLogger' needs to have dll-interface to be used by clients of class 'UserMetricsLogger'
D:\Projects\Repos\Sedna-Games-Fall-2020\CustomDLL\VSProjects\SednaPlugins\UserMetricsLogger\DeathLogger.h(16): message : see declaration of 'DeathLogger'
  main.cpp
D:\Projects\Repos\Sedna-Games-Fall-2020\CustomDLL\VSProjects\SednaPlugins\UserMetricsLogger\UserMetricsLogger.h(25,32): warning C4251: 'UserMetricsLogger::logData': class 'std::vector<MetricLog,std::allocator<MetricLog>>' needs to have dll-interface to be used by clients of class 'UserMetricsLogger'
D:\Projects\Repos\Sedna-Games-Fall-2020\CustomDLL\VSProjects\SednaPlugins\UserMetricsLogger\UserMetricsLogger.h(25): message : see declaration of 'std::vector<MetricLog,std::allocator<MetricLog>>'
D:\Projects\Repos\Sedna-Games-Fall-2020\CustomDLL\VSProjects\SednaPlugins\UserMetricsLogger\UserMetricsLogger.h(26,26): warning C4251: 'UserMetricsLogger::defaultPath': class 'std::basic_string<char,std::char_traits<char>,std::allocator<char>>' needs to have dll-interface to be used by clients of class 'UserMetricsLogger'
C:\Program Files (x86)\Microsoft Visual Studio\2019\Community\VC\Tools\MSVC\14.27.29110\include\xstring(4564): message : see declaration of 'std::basic_string<char,std::char_traits<char>,std::allocator<char>>'
D:\Projects\Repos\Sedna-Games-Fall-2020\CustomDLL\VSProjects\SednaPlugins\UserMetricsLogger\UserMetricsLogger.h(28,26): warning C4251: 'UserMetricsLogger::cLogger': class 'CheckpointLogger' needs to have dll-interface to be used by clients of class 'UserMetricsLogger'
D:\Projects\Repos\Sedna-Games-Fall-2020\CustomDLL\VSProjects\SednaPlugins\UserMetricsLogger\CheckpointLogger.h(4): message : see declaration of 'CheckpointLogger'
D:\Projects\Repos\Sedna-Games-Fall-2020\CustomDLL\VSProjects\SednaPlugins\UserMetricsLogger\UserMetricsLogger.h(29,21): warning C4251: 'UserMetricsLogger::dLogger': class 'DeathLogger' needs to have dll-interface to be used by clients of class 'UserMetricsLogger'
D:\Projects\Repos\Sedna-Games-Fall-2020\CustomDLL\VSProjects\SednaPlugins\UserMetricsLogger\DeathLogger.h(16): message : see declaration of 'DeathLogger'
     Creating library D:\Projects\Repos\Sedna-Games-Fall-2020\CustomDLL\VSProjects\SednaPlugins\\x64\Release\UserMetricsLogger.lib and object D:\Projects\Repos\Sedna-Games-Fall-2020\CustomDLL\VSProjects\SednaPlugins\\x64\Release\UserMetricsLogger.exp
  Generating code
  196 of 559 functions (35.1%) were compiled, the rest were copied from previous compilation.
    158 functions were new in current compilation
    28 functions had inline decision re-evaluated but remain unchanged
  Finished generating code
  UserMetricsLogger.vcxproj -> D:\Projects\Repos\Sedna-Games-Fall-2020\CustomDLL\VSProjects\SednaPlugins\\x64\Release\UserMetricsLogger.dll
  File Not Found
