d:\projects\repos\sedna-games-fall-2020\customdll\vsprojects\sednaplugins\xinputdll\x64\debug\vc142.pdb
d:\projects\repos\sedna-games-fall-2020\customdll\vsprojects\sednaplugins\xinputdll\x64\debug\vc142.idb
d:\projects\repos\sedna-games-fall-2020\customdll\vsprojects\sednaplugins\xinputdll\x64\debug\main.obj
d:\projects\repos\sedna-games-fall-2020\customdll\vsprojects\sednaplugins\xinputdll\x64\debug\gamepad.obj
d:\projects\repos\sedna-games-fall-2020\customdll\vsprojects\sednaplugins\xinputdll\x64\debug\inputeventsystem.obj
d:\projects\repos\sedna-games-fall-2020\customdll\vsprojects\sednaplugins\xinputdll\x64\debug\gamepadmanager.obj
d:\projects\repos\sedna-games-fall-2020\customdll\vsprojects\sednaplugins\xinputdll\x64\debug\wrapper.obj
d:\projects\repos\sedna-games-fall-2020\customdll\vsprojects\sednaplugins\x64\debug\xinputdll.dll
d:\projects\repos\sedna-games-fall-2020\customdll\vsprojects\sednaplugins\x64\debug\xinputdll.ilk
d:\projects\repos\sedna-games-fall-2020\customdll\vsprojects\sednaplugins\x64\debug\xinputdll.pdb
d:\projects\repos\sedna-games-fall-2020\customdll\vsprojects\sednaplugins\x64\debug\xinputdll.lib
d:\projects\repos\sedna-games-fall-2020\customdll\vsprojects\sednaplugins\x64\debug\xinputdll.exp
d:\projects\repos\sedna-games-fall-2020\customdll\vsprojects\sednaplugins\xinputdll\x64\debug\xinputmanager.obj
d:\projects\repos\sedna-games-fall-2020\customdll\vsprojects\sednaplugins\xinputdll\x64\debug\xinputdll.tlog\cl.command.1.tlog
d:\projects\repos\sedna-games-fall-2020\customdll\vsprojects\sednaplugins\xinputdll\x64\debug\xinputdll.tlog\cl.read.1.tlog
d:\projects\repos\sedna-games-fall-2020\customdll\vsprojects\sednaplugins\xinputdll\x64\debug\xinputdll.tlog\cl.write.1.tlog
d:\projects\repos\sedna-games-fall-2020\customdll\vsprojects\sednaplugins\xinputdll\x64\debug\xinputdll.tlog\link.command.1.tlog
d:\projects\repos\sedna-games-fall-2020\customdll\vsprojects\sednaplugins\xinputdll\x64\debug\xinputdll.tlog\link.delete.1.tlog
d:\projects\repos\sedna-games-fall-2020\customdll\vsprojects\sednaplugins\xinputdll\x64\debug\xinputdll.tlog\link.read.1.tlog
d:\projects\repos\sedna-games-fall-2020\customdll\vsprojects\sednaplugins\xinputdll\x64\debug\xinputdll.tlog\link.write.1.tlog
d:\projects\repos\sedna-games-fall-2020\customdll\vsprojects\sednaplugins\xinputdll\x64\debug\xinputdll.tlog\xinputdll.write.1u.tlog
